<?xml version="1.0" encoding="UTF-8"?><testrun name="server.access" project="Record_Indexer" tests="50" started="50" failures="3" errors="0" ignored="0">
  <testsuite name="server.access.BatchDAOTest" time="1.246">
    <testcase name="testGetAll" classname="server.access.BatchDAOTest" time="0.754"/>
    <testcase name="testAdd" classname="server.access.BatchDAOTest" time="0.104"/>
    <testcase name="testGet" classname="server.access.BatchDAOTest" time="0.068"/>
    <testcase name="testUpdate" classname="server.access.BatchDAOTest" time="0.066"/>
    <testcase name="testDelete" classname="server.access.BatchDAOTest" time="0.096"/>
    <testcase name="testInvalidFilePathAdd" classname="server.access.BatchDAOTest" time="0.038"/>
    <testcase name="testInvalidFilePathUpdate" classname="server.access.BatchDAOTest" time="0.039"/>
    <testcase name="testEmptyFilePathAdd" classname="server.access.BatchDAOTest" time="0.044"/>
    <testcase name="testEmptyFilePathUpdate" classname="server.access.BatchDAOTest" time="0.037"/>
  </testsuite>
  <testsuite name="server.access.ValueDAOTest" time="0.339">
    <testcase name="testGetAll" classname="server.access.ValueDAOTest" time="0.04"/>
    <testcase name="testAdd" classname="server.access.ValueDAOTest" time="0.056">
      <failure>java.lang.AssertionError: 
	at org.junit.Assert.fail(Assert.java:91)
	at org.junit.Assert.assertTrue(Assert.java:43)
	at org.junit.Assert.assertTrue(Assert.java:54)
	at server.access.ValueDAOTest.testAdd(ValueDAOTest.java:107)
	at sun.reflect.NativeMethodAccessorImpl.invoke0(Native Method)
	at sun.reflect.NativeMethodAccessorImpl.invoke(NativeMethodAccessorImpl.java:57)
	at sun.reflect.DelegatingMethodAccessorImpl.invoke(DelegatingMethodAccessorImpl.java:43)
	at java.lang.reflect.Method.invoke(Method.java:606)
	at org.junit.runners.model.FrameworkMethod$1.runReflectiveCall(FrameworkMethod.java:44)
	at org.junit.internal.runners.model.ReflectiveCallable.run(ReflectiveCallable.java:15)
	at org.junit.runners.model.FrameworkMethod.invokeExplosively(FrameworkMethod.java:41)
	at org.junit.internal.runners.statements.InvokeMethod.evaluate(InvokeMethod.java:20)
	at org.junit.internal.runners.statements.RunBefores.evaluate(RunBefores.java:28)
	at org.junit.internal.runners.statements.RunAfters.evaluate(RunAfters.java:31)
	at org.junit.runners.BlockJUnit4ClassRunner.runNotIgnored(BlockJUnit4ClassRunner.java:79)
	at org.junit.runners.BlockJUnit4ClassRunner.runChild(BlockJUnit4ClassRunner.java:71)
	at org.junit.runners.BlockJUnit4ClassRunner.runChild(BlockJUnit4ClassRunner.java:49)
	at org.junit.runners.ParentRunner$3.run(ParentRunner.java:193)
	at org.junit.runners.ParentRunner$1.schedule(ParentRunner.java:52)
	at org.junit.runners.ParentRunner.runChildren(ParentRunner.java:191)
	at org.junit.runners.ParentRunner.access$000(ParentRunner.java:42)
	at org.junit.runners.ParentRunner$2.evaluate(ParentRunner.java:184)
	at org.junit.internal.runners.statements.RunBefores.evaluate(RunBefores.java:28)
	at org.junit.internal.runners.statements.RunAfters.evaluate(RunAfters.java:31)
	at org.junit.runners.ParentRunner.run(ParentRunner.java:236)
	at org.eclipse.jdt.internal.junit4.runner.JUnit4TestReference.run(JUnit4TestReference.java:50)
	at org.eclipse.jdt.internal.junit.runner.TestExecution.run(TestExecution.java:38)
	at org.eclipse.jdt.internal.junit.runner.RemoteTestRunner.runTests(RemoteTestRunner.java:467)
	at org.eclipse.jdt.internal.junit.runner.RemoteTestRunner.runTests(RemoteTestRunner.java:683)
	at org.eclipse.jdt.internal.junit.runner.RemoteTestRunner.run(RemoteTestRunner.java:390)
	at org.eclipse.jdt.internal.junit.runner.RemoteTestRunner.main(RemoteTestRunner.java:197)

</failure>
    </testcase>
    <testcase name="testGet" classname="server.access.ValueDAOTest" time="0.05">
      <failure>java.lang.AssertionError: 
	at org.junit.Assert.fail(Assert.java:91)
	at org.junit.Assert.assertTrue(Assert.java:43)
	at org.junit.Assert.assertTrue(Assert.java:54)
	at server.access.ValueDAOTest.testGet(ValueDAOTest.java:123)
	at sun.reflect.NativeMethodAccessorImpl.invoke0(Native Method)
	at sun.reflect.NativeMethodAccessorImpl.invoke(NativeMethodAccessorImpl.java:57)
	at sun.reflect.DelegatingMethodAccessorImpl.invoke(DelegatingMethodAccessorImpl.java:43)
	at java.lang.reflect.Method.invoke(Method.java:606)
	at org.junit.runners.model.FrameworkMethod$1.runReflectiveCall(FrameworkMethod.java:44)
	at org.junit.internal.runners.model.ReflectiveCallable.run(ReflectiveCallable.java:15)
	at org.junit.runners.model.FrameworkMethod.invokeExplosively(FrameworkMethod.java:41)
	at org.junit.internal.runners.statements.InvokeMethod.evaluate(InvokeMethod.java:20)
	at org.junit.internal.runners.statements.RunBefores.evaluate(RunBefores.java:28)
	at org.junit.internal.runners.statements.RunAfters.evaluate(RunAfters.java:31)
	at org.junit.runners.BlockJUnit4ClassRunner.runNotIgnored(BlockJUnit4ClassRunner.java:79)
	at org.junit.runners.BlockJUnit4ClassRunner.runChild(BlockJUnit4ClassRunner.java:71)
	at org.junit.runners.BlockJUnit4ClassRunner.runChild(BlockJUnit4ClassRunner.java:49)
	at org.junit.runners.ParentRunner$3.run(ParentRunner.java:193)
	at org.junit.runners.ParentRunner$1.schedule(ParentRunner.java:52)
	at org.junit.runners.ParentRunner.runChildren(ParentRunner.java:191)
	at org.junit.runners.ParentRunner.access$000(ParentRunner.java:42)
	at org.junit.runners.ParentRunner$2.evaluate(ParentRunner.java:184)
	at org.junit.internal.runners.statements.RunBefores.evaluate(RunBefores.java:28)
	at org.junit.internal.runners.statements.RunAfters.evaluate(RunAfters.java:31)
	at org.junit.runners.ParentRunner.run(ParentRunner.java:236)
	at org.eclipse.jdt.internal.junit4.runner.JUnit4TestReference.run(JUnit4TestReference.java:50)
	at org.eclipse.jdt.internal.junit.runner.TestExecution.run(TestExecution.java:38)
	at org.eclipse.jdt.internal.junit.runner.RemoteTestRunner.runTests(RemoteTestRunner.java:467)
	at org.eclipse.jdt.internal.junit.runner.RemoteTestRunner.runTests(RemoteTestRunner.java:683)
	at org.eclipse.jdt.internal.junit.runner.RemoteTestRunner.run(RemoteTestRunner.java:390)
	at org.eclipse.jdt.internal.junit.runner.RemoteTestRunner.main(RemoteTestRunner.java:197)

</failure>
    </testcase>
    <testcase name="testUpdate" classname="server.access.ValueDAOTest" time="0.047">
      <failure>java.lang.AssertionError: expected:&lt;true&gt; but was:&lt;false&gt;
	at org.junit.Assert.fail(Assert.java:91)
	at org.junit.Assert.failNotEquals(Assert.java:645)
	at org.junit.Assert.assertEquals(Assert.java:126)
	at org.junit.Assert.assertEquals(Assert.java:145)
	at server.access.ValueDAOTest.testUpdate(ValueDAOTest.java:161)
	at sun.reflect.NativeMethodAccessorImpl.invoke0(Native Method)
	at sun.reflect.NativeMethodAccessorImpl.invoke(NativeMethodAccessorImpl.java:57)
	at sun.reflect.DelegatingMethodAccessorImpl.invoke(DelegatingMethodAccessorImpl.java:43)
	at java.lang.reflect.Method.invoke(Method.java:606)
	at org.junit.runners.model.FrameworkMethod$1.runReflectiveCall(FrameworkMethod.java:44)
	at org.junit.internal.runners.model.ReflectiveCallable.run(ReflectiveCallable.java:15)
	at org.junit.runners.model.FrameworkMethod.invokeExplosively(FrameworkMethod.java:41)
	at org.junit.internal.runners.statements.InvokeMethod.evaluate(InvokeMethod.java:20)
	at org.junit.internal.runners.statements.RunBefores.evaluate(RunBefores.java:28)
	at org.junit.internal.runners.statements.RunAfters.evaluate(RunAfters.java:31)
	at org.junit.runners.BlockJUnit4ClassRunner.runNotIgnored(BlockJUnit4ClassRunner.java:79)
	at org.junit.runners.BlockJUnit4ClassRunner.runChild(BlockJUnit4ClassRunner.java:71)
	at org.junit.runners.BlockJUnit4ClassRunner.runChild(BlockJUnit4ClassRunner.java:49)
	at org.junit.runners.ParentRunner$3.run(ParentRunner.java:193)
	at org.junit.runners.ParentRunner$1.schedule(ParentRunner.java:52)
	at org.junit.runners.ParentRunner.runChildren(ParentRunner.java:191)
	at org.junit.runners.ParentRunner.access$000(ParentRunner.java:42)
	at org.junit.runners.ParentRunner$2.evaluate(ParentRunner.java:184)
	at org.junit.internal.runners.statements.RunBefores.evaluate(RunBefores.java:28)
	at org.junit.internal.runners.statements.RunAfters.evaluate(RunAfters.java:31)
	at org.junit.runners.ParentRunner.run(ParentRunner.java:236)
	at org.eclipse.jdt.internal.junit4.runner.JUnit4TestReference.run(JUnit4TestReference.java:50)
	at org.eclipse.jdt.internal.junit.runner.TestExecution.run(TestExecution.java:38)
	at org.eclipse.jdt.internal.junit.runner.RemoteTestRunner.runTests(RemoteTestRunner.java:467)
	at org.eclipse.jdt.internal.junit.runner.RemoteTestRunner.runTests(RemoteTestRunner.java:683)
	at org.eclipse.jdt.internal.junit.runner.RemoteTestRunner.run(RemoteTestRunner.java:390)
	at org.eclipse.jdt.internal.junit.runner.RemoteTestRunner.main(RemoteTestRunner.java:197)

</failure>
    </testcase>
    <testcase name="testDelete" classname="server.access.ValueDAOTest" time="0.051"/>
    <testcase name="testNegativeRowNumberAdd" classname="server.access.ValueDAOTest" time="0.05"/>
    <testcase name="testNegativeRowNumberUpdate" classname="server.access.ValueDAOTest" time="0.045"/>
  </testsuite>
  <testsuite name="server.access.FieldDAOTest" time="0.483">
    <testcase name="testGetAll" classname="server.access.FieldDAOTest" time="0.037"/>
    <testcase name="testAdd" classname="server.access.FieldDAOTest" time="0.042"/>
    <testcase name="testGet" classname="server.access.FieldDAOTest" time="0.086"/>
    <testcase name="testUpdate" classname="server.access.FieldDAOTest" time="0.078"/>
    <testcase name="testDelete" classname="server.access.FieldDAOTest" time="0.063"/>
    <testcase name="testInvalidTiTleAdd" classname="server.access.FieldDAOTest" time="0.032"/>
    <testcase name="testNegativeXCoordAdd" classname="server.access.FieldDAOTest" time="0.037"/>
    <testcase name="testNegativeColumnNumberAdd" classname="server.access.FieldDAOTest" time="0.04"/>
    <testcase name="testNegativeWidthAdd" classname="server.access.FieldDAOTest" time="0.029"/>
    <testcase name="testInvalidHelpHTMLUpdate" classname="server.access.FieldDAOTest" time="0.039"/>
  </testsuite>
  <testsuite name="server.access.UserDAOTest" time="0.351">
    <testcase name="testGetAll" classname="server.access.UserDAOTest" time="0.035"/>
    <testcase name="testAdd" classname="server.access.UserDAOTest" time="0.04"/>
    <testcase name="testGet" classname="server.access.UserDAOTest" time="0.067"/>
    <testcase name="testUpdate" classname="server.access.UserDAOTest" time="0.054"/>
    <testcase name="testDelete" classname="server.access.UserDAOTest" time="0.056"/>
    <testcase name="testInvalidAdd" classname="server.access.UserDAOTest" time="0.033"/>
    <testcase name="testInvalidUpdate" classname="server.access.UserDAOTest" time="0.066"/>
  </testsuite>
  <testsuite name="server.access.ProjectDAOTest" time="0.809">
    <testcase name="testGetAll" classname="server.access.ProjectDAOTest" time="0.039"/>
    <testcase name="testAdd" classname="server.access.ProjectDAOTest" time="0.036"/>
    <testcase name="testGet" classname="server.access.ProjectDAOTest" time="0.041"/>
    <testcase name="testUpdate" classname="server.access.ProjectDAOTest" time="0.064"/>
    <testcase name="testDelete" classname="server.access.ProjectDAOTest" time="0.065"/>
    <testcase name="testAddingField" classname="server.access.ProjectDAOTest" time="0.069"/>
    <testcase name="testAddingBatch" classname="server.access.ProjectDAOTest" time="0.069"/>
    <testcase name="testEmptyTitleAdd" classname="server.access.ProjectDAOTest" time="0.047"/>
    <testcase name="testInvalidTitleAdd" classname="server.access.ProjectDAOTest" time="0.04"/>
    <testcase name="testNegativeRecordsPerBatchAdd" classname="server.access.ProjectDAOTest" time="0.048"/>
    <testcase name="testNegativeFirstCoordinateAdd" classname="server.access.ProjectDAOTest" time="0.039"/>
    <testcase name="testNegativeRecordHeightAdd" classname="server.access.ProjectDAOTest" time="0.029"/>
    <testcase name="testEmptyTitleUpdate" classname="server.access.ProjectDAOTest" time="0.037"/>
    <testcase name="testInvalidTitleUpdate" classname="server.access.ProjectDAOTest" time="0.049"/>
    <testcase name="testNegativeRecordsPerBatchUpdate" classname="server.access.ProjectDAOTest" time="0.043"/>
    <testcase name="testNegativeFirstCoordinateUpdate" classname="server.access.ProjectDAOTest" time="0.051"/>
    <testcase name="testNegativeRecordHeightUpdate" classname="server.access.ProjectDAOTest" time="0.043"/>
  </testsuite>
</testrun>
