<?xml version="1.0" encoding="UTF-8"?><testrun name="test" project="Record_Indexer" tests="53" started="53" failures="1" errors="0" ignored="0">
  <testsuite name="server.ServerUnitTests" time="0.0">
    <testcase name="test_1" classname="server.ServerUnitTests" time="0.0"/>
  </testsuite>
  <testsuite name="server.access.BatchDAOTest" time="1.463">
    <testcase name="testGetAll" classname="server.access.BatchDAOTest" time="0.899"/>
    <testcase name="testAdd" classname="server.access.BatchDAOTest" time="0.101"/>
    <testcase name="testAddingValue" classname="server.access.BatchDAOTest" time="0.074">
      <failure>java.lang.AssertionError: expected:&lt;2&gt; but was:&lt;0&gt;
	at org.junit.Assert.fail(Assert.java:91)
	at org.junit.Assert.failNotEquals(Assert.java:645)
	at org.junit.Assert.assertEquals(Assert.java:126)
	at org.junit.Assert.assertEquals(Assert.java:470)
	at org.junit.Assert.assertEquals(Assert.java:454)
	at server.access.BatchDAOTest.testAddingValue(BatchDAOTest.java:142)
	at sun.reflect.NativeMethodAccessorImpl.invoke0(Native Method)
	at sun.reflect.NativeMethodAccessorImpl.invoke(NativeMethodAccessorImpl.java:57)
	at sun.reflect.DelegatingMethodAccessorImpl.invoke(DelegatingMethodAccessorImpl.java:43)
	at java.lang.reflect.Method.invoke(Method.java:606)
	at org.junit.runners.model.FrameworkMethod$1.runReflectiveCall(FrameworkMethod.java:44)
	at org.junit.internal.runners.model.ReflectiveCallable.run(ReflectiveCallable.java:15)
	at org.junit.runners.model.FrameworkMethod.invokeExplosively(FrameworkMethod.java:41)
	at org.junit.internal.runners.statements.InvokeMethod.evaluate(InvokeMethod.java:20)
	at org.junit.internal.runners.statements.RunBefores.evaluate(RunBefores.java:28)
	at org.junit.internal.runners.statements.RunAfters.evaluate(RunAfters.java:31)
	at org.junit.runners.BlockJUnit4ClassRunner.runNotIgnored(BlockJUnit4ClassRunner.java:79)
	at org.junit.runners.BlockJUnit4ClassRunner.runChild(BlockJUnit4ClassRunner.java:71)
	at org.junit.runners.BlockJUnit4ClassRunner.runChild(BlockJUnit4ClassRunner.java:49)
	at org.junit.runners.ParentRunner$3.run(ParentRunner.java:193)
	at org.junit.runners.ParentRunner$1.schedule(ParentRunner.java:52)
	at org.junit.runners.ParentRunner.runChildren(ParentRunner.java:191)
	at org.junit.runners.ParentRunner.access$000(ParentRunner.java:42)
	at org.junit.runners.ParentRunner$2.evaluate(ParentRunner.java:184)
	at org.junit.internal.runners.statements.RunBefores.evaluate(RunBefores.java:28)
	at org.junit.internal.runners.statements.RunAfters.evaluate(RunAfters.java:31)
	at org.junit.runners.ParentRunner.run(ParentRunner.java:236)
	at org.eclipse.jdt.internal.junit4.runner.JUnit4TestReference.run(JUnit4TestReference.java:50)
	at org.eclipse.jdt.internal.junit.runner.TestExecution.run(TestExecution.java:38)
	at org.eclipse.jdt.internal.junit.runner.RemoteTestRunner.runTests(RemoteTestRunner.java:467)
	at org.eclipse.jdt.internal.junit.runner.RemoteTestRunner.runTests(RemoteTestRunner.java:683)
	at org.eclipse.jdt.internal.junit.runner.RemoteTestRunner.run(RemoteTestRunner.java:390)
	at org.eclipse.jdt.internal.junit.runner.RemoteTestRunner.main(RemoteTestRunner.java:197)

</failure>
    </testcase>
    <testcase name="testGet" classname="server.access.BatchDAOTest" time="0.068"/>
    <testcase name="testUpdate" classname="server.access.BatchDAOTest" time="0.094"/>
    <testcase name="testDelete" classname="server.access.BatchDAOTest" time="0.055"/>
    <testcase name="testInvalidFilePathAdd" classname="server.access.BatchDAOTest" time="0.044"/>
    <testcase name="testInvalidFilePathUpdate" classname="server.access.BatchDAOTest" time="0.04"/>
    <testcase name="testEmptyFilePathAdd" classname="server.access.BatchDAOTest" time="0.035"/>
    <testcase name="testEmptyFilePathUpdate" classname="server.access.BatchDAOTest" time="0.053"/>
  </testsuite>
  <testsuite name="server.access.ValueDAOTest" time="0.323">
    <testcase name="testGetAll" classname="server.access.ValueDAOTest" time="0.033"/>
    <testcase name="testAdd" classname="server.access.ValueDAOTest" time="0.036"/>
    <testcase name="testGet" classname="server.access.ValueDAOTest" time="0.043"/>
    <testcase name="testUpdate" classname="server.access.ValueDAOTest" time="0.044"/>
    <testcase name="testDelete" classname="server.access.ValueDAOTest" time="0.087"/>
    <testcase name="testNegativeRowNumberAdd" classname="server.access.ValueDAOTest" time="0.037"/>
    <testcase name="testNegativeRowNumberUpdate" classname="server.access.ValueDAOTest" time="0.043"/>
  </testsuite>
  <testsuite name="server.access.FieldDAOTest" time="0.455">
    <testcase name="testGetAll" classname="server.access.FieldDAOTest" time="0.052"/>
    <testcase name="testAdd" classname="server.access.FieldDAOTest" time="0.072"/>
    <testcase name="testGet" classname="server.access.FieldDAOTest" time="0.059"/>
    <testcase name="testUpdate" classname="server.access.FieldDAOTest" time="0.046"/>
    <testcase name="testDelete" classname="server.access.FieldDAOTest" time="0.053"/>
    <testcase name="testInvalidTiTleAdd" classname="server.access.FieldDAOTest" time="0.032"/>
    <testcase name="testNegativeXCoordAdd" classname="server.access.FieldDAOTest" time="0.038"/>
    <testcase name="testNegativeColumnNumberAdd" classname="server.access.FieldDAOTest" time="0.033"/>
    <testcase name="testNegativeWidthAdd" classname="server.access.FieldDAOTest" time="0.029"/>
    <testcase name="testInvalidHelpHTMLUpdate" classname="server.access.FieldDAOTest" time="0.041"/>
  </testsuite>
  <testsuite name="server.access.UserDAOTest" time="0.324">
    <testcase name="testInvalidAdd" classname="server.access.UserDAOTest" time="0.041"/>
    <testcase name="testInvalidUpdate" classname="server.access.UserDAOTest" time="0.034"/>
    <testcase name="testGetAll" classname="server.access.UserDAOTest" time="0.056"/>
    <testcase name="testAdd" classname="server.access.UserDAOTest" time="0.038"/>
    <testcase name="testGet" classname="server.access.UserDAOTest" time="0.042"/>
    <testcase name="testUpdate" classname="server.access.UserDAOTest" time="0.053"/>
    <testcase name="testDelete" classname="server.access.UserDAOTest" time="0.06"/>
  </testsuite>
  <testsuite name="client.ClientUnitTests" time="0.006">
    <testcase name="test_1" classname="client.ClientUnitTests" time="0.006"/>
  </testsuite>
  <testsuite name="server.access.ProjectDAOTest" time="0.784">
    <testcase name="testAddingField" classname="server.access.ProjectDAOTest" time="0.063"/>
    <testcase name="testAddingBatch" classname="server.access.ProjectDAOTest" time="0.053"/>
    <testcase name="testEmptyTitleAdd" classname="server.access.ProjectDAOTest" time="0.04"/>
    <testcase name="testInvalidTitleAdd" classname="server.access.ProjectDAOTest" time="0.039"/>
    <testcase name="testNegativeRecordsPerBatchAdd" classname="server.access.ProjectDAOTest" time="0.044"/>
    <testcase name="testNegativeFirstCoordinateAdd" classname="server.access.ProjectDAOTest" time="0.035"/>
    <testcase name="testNegativeRecordHeightAdd" classname="server.access.ProjectDAOTest" time="0.047"/>
    <testcase name="testEmptyTitleUpdate" classname="server.access.ProjectDAOTest" time="0.05"/>
    <testcase name="testInvalidTitleUpdate" classname="server.access.ProjectDAOTest" time="0.056"/>
    <testcase name="testNegativeRecordsPerBatchUpdate" classname="server.access.ProjectDAOTest" time="0.059"/>
    <testcase name="testNegativeFirstCoordinateUpdate" classname="server.access.ProjectDAOTest" time="0.063"/>
    <testcase name="testNegativeRecordHeightUpdate" classname="server.access.ProjectDAOTest" time="0.033"/>
    <testcase name="testGetAll" classname="server.access.ProjectDAOTest" time="0.028"/>
    <testcase name="testAdd" classname="server.access.ProjectDAOTest" time="0.029"/>
    <testcase name="testGet" classname="server.access.ProjectDAOTest" time="0.043"/>
    <testcase name="testUpdate" classname="server.access.ProjectDAOTest" time="0.053"/>
    <testcase name="testDelete" classname="server.access.ProjectDAOTest" time="0.048"/>
  </testsuite>
</testrun>
