<?xml version="1.0" encoding="UTF-8"?><testrun name="test" project="Record_Indexer" tests="53" started="53" failures="0" errors="1" ignored="0">
  <testsuite name="server.ServerUnitTests" time="0.0">
    <testcase name="test_1" classname="server.ServerUnitTests" time="0.0"/>
  </testsuite>
  <testsuite name="server.access.BatchDAOTest" time="1.559">
    <testcase name="testGetAll" classname="server.access.BatchDAOTest" time="0.945"/>
    <testcase name="testAdd" classname="server.access.BatchDAOTest" time="0.113"/>
    <testcase name="testAddingValue" classname="server.access.BatchDAOTest" time="0.077">
      <error>server.DatabaseException: Error getting all Values for Batch: [SQLITE_ERROR] SQL error or missing database (no such column: project_id)
	at server.access.BatchDAO.getAllValuesForBatch(BatchDAO.java:215)
	at server.access.BatchDAOTest.testAddingValue(BatchDAOTest.java:140)
	at sun.reflect.NativeMethodAccessorImpl.invoke0(Native Method)
	at sun.reflect.NativeMethodAccessorImpl.invoke(NativeMethodAccessorImpl.java:57)
	at sun.reflect.DelegatingMethodAccessorImpl.invoke(DelegatingMethodAccessorImpl.java:43)
	at java.lang.reflect.Method.invoke(Method.java:606)
	at org.junit.runners.model.FrameworkMethod$1.runReflectiveCall(FrameworkMethod.java:44)
	at org.junit.internal.runners.model.ReflectiveCallable.run(ReflectiveCallable.java:15)
	at org.junit.runners.model.FrameworkMethod.invokeExplosively(FrameworkMethod.java:41)
	at org.junit.internal.runners.statements.InvokeMethod.evaluate(InvokeMethod.java:20)
	at org.junit.internal.runners.statements.RunBefores.evaluate(RunBefores.java:28)
	at org.junit.internal.runners.statements.RunAfters.evaluate(RunAfters.java:31)
	at org.junit.runners.BlockJUnit4ClassRunner.runNotIgnored(BlockJUnit4ClassRunner.java:79)
	at org.junit.runners.BlockJUnit4ClassRunner.runChild(BlockJUnit4ClassRunner.java:71)
	at org.junit.runners.BlockJUnit4ClassRunner.runChild(BlockJUnit4ClassRunner.java:49)
	at org.junit.runners.ParentRunner$3.run(ParentRunner.java:193)
	at org.junit.runners.ParentRunner$1.schedule(ParentRunner.java:52)
	at org.junit.runners.ParentRunner.runChildren(ParentRunner.java:191)
	at org.junit.runners.ParentRunner.access$000(ParentRunner.java:42)
	at org.junit.runners.ParentRunner$2.evaluate(ParentRunner.java:184)
	at org.junit.internal.runners.statements.RunBefores.evaluate(RunBefores.java:28)
	at org.junit.internal.runners.statements.RunAfters.evaluate(RunAfters.java:31)
	at org.junit.runners.ParentRunner.run(ParentRunner.java:236)
	at org.eclipse.jdt.internal.junit4.runner.JUnit4TestReference.run(JUnit4TestReference.java:50)
	at org.eclipse.jdt.internal.junit.runner.TestExecution.run(TestExecution.java:38)
	at org.eclipse.jdt.internal.junit.runner.RemoteTestRunner.runTests(RemoteTestRunner.java:467)
	at org.eclipse.jdt.internal.junit.runner.RemoteTestRunner.runTests(RemoteTestRunner.java:683)
	at org.eclipse.jdt.internal.junit.runner.RemoteTestRunner.run(RemoteTestRunner.java:390)
	at org.eclipse.jdt.internal.junit.runner.RemoteTestRunner.main(RemoteTestRunner.java:197)
Caused by: java.sql.SQLException: [SQLITE_ERROR] SQL error or missing database (no such column: project_id)
	at org.sqlite.DB.newSQLException(DB.java:383)
	at org.sqlite.DB.newSQLException(DB.java:387)
	at org.sqlite.DB.throwex(DB.java:374)
	at org.sqlite.NestedDB.prepare(NestedDB.java:134)
	at org.sqlite.DB.prepare(DB.java:123)
	at org.sqlite.PrepStmt.&lt;init&gt;(PrepStmt.java:42)
	at org.sqlite.Conn.prepareStatement(Conn.java:404)
	at org.sqlite.Conn.prepareStatement(Conn.java:399)
	at org.sqlite.Conn.prepareStatement(Conn.java:383)
	at server.access.BatchDAO.getAllValuesForBatch(BatchDAO.java:195)
	... 28 more

</error>
    </testcase>
    <testcase name="testGet" classname="server.access.BatchDAOTest" time="0.078"/>
    <testcase name="testUpdate" classname="server.access.BatchDAOTest" time="0.104"/>
    <testcase name="testDelete" classname="server.access.BatchDAOTest" time="0.056"/>
    <testcase name="testInvalidFilePathAdd" classname="server.access.BatchDAOTest" time="0.037"/>
    <testcase name="testInvalidFilePathUpdate" classname="server.access.BatchDAOTest" time="0.052"/>
    <testcase name="testEmptyFilePathAdd" classname="server.access.BatchDAOTest" time="0.044"/>
    <testcase name="testEmptyFilePathUpdate" classname="server.access.BatchDAOTest" time="0.052"/>
  </testsuite>
  <testsuite name="server.access.ValueDAOTest" time="0.342">
    <testcase name="testGetAll" classname="server.access.ValueDAOTest" time="0.039"/>
    <testcase name="testAdd" classname="server.access.ValueDAOTest" time="0.035"/>
    <testcase name="testGet" classname="server.access.ValueDAOTest" time="0.055"/>
    <testcase name="testUpdate" classname="server.access.ValueDAOTest" time="0.053"/>
    <testcase name="testDelete" classname="server.access.ValueDAOTest" time="0.071"/>
    <testcase name="testNegativeRowNumberAdd" classname="server.access.ValueDAOTest" time="0.036"/>
    <testcase name="testNegativeRowNumberUpdate" classname="server.access.ValueDAOTest" time="0.053"/>
  </testsuite>
  <testsuite name="server.access.FieldDAOTest" time="0.46">
    <testcase name="testGetAll" classname="server.access.FieldDAOTest" time="0.052"/>
    <testcase name="testAdd" classname="server.access.FieldDAOTest" time="0.068"/>
    <testcase name="testGet" classname="server.access.FieldDAOTest" time="0.061"/>
    <testcase name="testUpdate" classname="server.access.FieldDAOTest" time="0.05"/>
    <testcase name="testDelete" classname="server.access.FieldDAOTest" time="0.052"/>
    <testcase name="testInvalidTiTleAdd" classname="server.access.FieldDAOTest" time="0.033"/>
    <testcase name="testNegativeXCoordAdd" classname="server.access.FieldDAOTest" time="0.029"/>
    <testcase name="testNegativeColumnNumberAdd" classname="server.access.FieldDAOTest" time="0.035"/>
    <testcase name="testNegativeWidthAdd" classname="server.access.FieldDAOTest" time="0.031"/>
    <testcase name="testInvalidHelpHTMLUpdate" classname="server.access.FieldDAOTest" time="0.049"/>
  </testsuite>
  <testsuite name="server.access.UserDAOTest" time="0.298">
    <testcase name="testGetAll" classname="server.access.UserDAOTest" time="0.031"/>
    <testcase name="testAdd" classname="server.access.UserDAOTest" time="0.034"/>
    <testcase name="testGet" classname="server.access.UserDAOTest" time="0.045"/>
    <testcase name="testUpdate" classname="server.access.UserDAOTest" time="0.059"/>
    <testcase name="testDelete" classname="server.access.UserDAOTest" time="0.068"/>
    <testcase name="testInvalidAdd" classname="server.access.UserDAOTest" time="0.025"/>
    <testcase name="testInvalidUpdate" classname="server.access.UserDAOTest" time="0.035"/>
  </testsuite>
  <testsuite name="client.ClientUnitTests" time="0.008">
    <testcase name="test_1" classname="client.ClientUnitTests" time="0.008"/>
  </testsuite>
  <testsuite name="server.access.ProjectDAOTest" time="0.832">
    <testcase name="testGetAll" classname="server.access.ProjectDAOTest" time="0.039"/>
    <testcase name="testAdd" classname="server.access.ProjectDAOTest" time="0.037"/>
    <testcase name="testGet" classname="server.access.ProjectDAOTest" time="0.064"/>
    <testcase name="testUpdate" classname="server.access.ProjectDAOTest" time="0.065"/>
    <testcase name="testDelete" classname="server.access.ProjectDAOTest" time="0.07"/>
    <testcase name="testAddingField" classname="server.access.ProjectDAOTest" time="0.064"/>
    <testcase name="testAddingBatch" classname="server.access.ProjectDAOTest" time="0.08"/>
    <testcase name="testEmptyTitleAdd" classname="server.access.ProjectDAOTest" time="0.047"/>
    <testcase name="testInvalidTitleAdd" classname="server.access.ProjectDAOTest" time="0.056"/>
    <testcase name="testNegativeRecordsPerBatchAdd" classname="server.access.ProjectDAOTest" time="0.047"/>
    <testcase name="testNegativeFirstCoordinateAdd" classname="server.access.ProjectDAOTest" time="0.027"/>
    <testcase name="testNegativeRecordHeightAdd" classname="server.access.ProjectDAOTest" time="0.029"/>
    <testcase name="testEmptyTitleUpdate" classname="server.access.ProjectDAOTest" time="0.035"/>
    <testcase name="testInvalidTitleUpdate" classname="server.access.ProjectDAOTest" time="0.042"/>
    <testcase name="testNegativeRecordsPerBatchUpdate" classname="server.access.ProjectDAOTest" time="0.045"/>
    <testcase name="testNegativeFirstCoordinateUpdate" classname="server.access.ProjectDAOTest" time="0.046"/>
    <testcase name="testNegativeRecordHeightUpdate" classname="server.access.ProjectDAOTest" time="0.039"/>
  </testsuite>
</testrun>
