<?xml version="1.0" encoding="UTF-8"?><testrun name="Rerun ServerUnitTests (Failed Tests first)" project="Record_Indexer" tests="11" started="11" failures="0" errors="1" ignored="0">
  <testsuite name="server.ServerUnitTests" time="18.341">
    <testcase name="downloadFileTest" classname="server.ServerUnitTests" time="7.681">
      <error>client.ClientCommunicatorException: doGet failed: For input string: "8080images"
	at client.communication.ClientCommunicator.doGet(ClientCommunicator.java:146)
	at client.communication.ClientCommunicator.downloadFile(ClientCommunicator.java:125)
	at server.ServerUnitTests.downloadFileTest(ServerUnitTests.java:162)
	at sun.reflect.NativeMethodAccessorImpl.invoke0(Native Method)
	at sun.reflect.NativeMethodAccessorImpl.invoke(NativeMethodAccessorImpl.java:57)
	at sun.reflect.DelegatingMethodAccessorImpl.invoke(DelegatingMethodAccessorImpl.java:43)
	at java.lang.reflect.Method.invoke(Method.java:606)
	at org.junit.runners.model.FrameworkMethod$1.runReflectiveCall(FrameworkMethod.java:44)
	at org.junit.internal.runners.model.ReflectiveCallable.run(ReflectiveCallable.java:15)
	at org.junit.runners.model.FrameworkMethod.invokeExplosively(FrameworkMethod.java:41)
	at org.junit.internal.runners.statements.InvokeMethod.evaluate(InvokeMethod.java:20)
	at org.junit.internal.runners.statements.RunBefores.evaluate(RunBefores.java:28)
	at org.junit.internal.runners.statements.RunAfters.evaluate(RunAfters.java:31)
	at org.junit.runners.BlockJUnit4ClassRunner.runNotIgnored(BlockJUnit4ClassRunner.java:79)
	at org.junit.runners.BlockJUnit4ClassRunner.runChild(BlockJUnit4ClassRunner.java:71)
	at org.junit.runners.BlockJUnit4ClassRunner.runChild(BlockJUnit4ClassRunner.java:49)
	at org.junit.runners.ParentRunner$3.run(ParentRunner.java:193)
	at org.junit.runners.ParentRunner$1.schedule(ParentRunner.java:52)
	at org.junit.runners.ParentRunner.runChildren(ParentRunner.java:191)
	at org.junit.runners.ParentRunner.access$000(ParentRunner.java:42)
	at org.junit.runners.ParentRunner$2.evaluate(ParentRunner.java:184)
	at org.junit.internal.runners.statements.RunBefores.evaluate(RunBefores.java:28)
	at org.junit.runners.ParentRunner.run(ParentRunner.java:236)
	at org.eclipse.jdt.internal.junit4.runner.JUnit4TestReference.run(JUnit4TestReference.java:50)
	at org.eclipse.jdt.internal.junit.runner.TestExecution.run(TestExecution.java:38)
	at org.eclipse.jdt.internal.junit.runner.RemoteTestRunner.runTests(RemoteTestRunner.java:467)
	at org.eclipse.jdt.internal.junit.runner.RemoteTestRunner.runTests(RemoteTestRunner.java:683)
	at org.eclipse.jdt.internal.junit.runner.RemoteTestRunner.run(RemoteTestRunner.java:390)
	at org.eclipse.jdt.internal.junit.runner.RemoteTestRunner.main(RemoteTestRunner.java:197)
Caused by: java.net.MalformedURLException: For input string: "8080images"
	at java.net.URL.&lt;init&gt;(URL.java:619)
	at java.net.URL.&lt;init&gt;(URL.java:482)
	at java.net.URL.&lt;init&gt;(URL.java:431)
	at client.communication.ClientCommunicator.doGet(ClientCommunicator.java:132)
	... 28 more
Caused by: java.lang.NumberFormatException: For input string: "8080images"
	at java.lang.NumberFormatException.forInputString(NumberFormatException.java:65)
	at java.lang.Integer.parseInt(Integer.java:492)
	at java.lang.Integer.parseInt(Integer.java:527)
	at java.net.URLStreamHandler.parseURL(URLStreamHandler.java:217)
	at java.net.URL.&lt;init&gt;(URL.java:614)
	... 31 more

</error>
    </testcase>
    <testcase name="validateUserTest" classname="server.ServerUnitTests" time="0.048"/>
    <testcase name="invalidUserTest" classname="server.ServerUnitTests" time="1.047"/>
    <testcase name="invalidInputUserTest" classname="server.ServerUnitTests" time="0.005"/>
    <testcase name="getProjectsTest" classname="server.ServerUnitTests" time="1.055"/>
    <testcase name="getProjectsInvalidTest" classname="server.ServerUnitTests" time="0.003"/>
    <testcase name="getSampleImageTest" classname="server.ServerUnitTests" time="2.102"/>
    <testcase name="downloadBatchTest" classname="server.ServerUnitTests" time="2.212"/>
    <testcase name="getFieldsFromProjectTest" classname="server.ServerUnitTests" time="2.076"/>
    <testcase name="getAllFieldsTest" classname="server.ServerUnitTests" time="1.065"/>
    <testcase name="submitBatchTest" classname="server.ServerUnitTests" time="1.046"/>
  </testsuite>
</testrun>
