<?xml version="1.0" encoding="UTF-8"?><testrun name="Record_Indexer" project="Record_Indexer" tests="26" started="26" failures="0" errors="1" ignored="0">
  <testsuite name="server.ServerUnitTests" time="0.0">
    <testcase name="test_1" classname="server.ServerUnitTests" time="0.0"/>
  </testsuite>
  <testsuite name="server.access.BatchDAOTest" time="0.944">
    <testcase name="testGetAll" classname="server.access.BatchDAOTest" time="0.847"/>
    <testcase name="testAdd" classname="server.access.BatchDAOTest" time="0.097">
      <error>server.DatabaseException: Error adding Batch: [SQLITE_ERROR] SQL error or missing database (table batch has no column named filePath)
	at server.access.BatchDAO.insertNewBatch(BatchDAO.java:151)
	at server.access.BatchDAOTest.testAdd(BatchDAOTest.java:75)
	at sun.reflect.NativeMethodAccessorImpl.invoke0(Native Method)
	at sun.reflect.NativeMethodAccessorImpl.invoke(NativeMethodAccessorImpl.java:57)
	at sun.reflect.DelegatingMethodAccessorImpl.invoke(DelegatingMethodAccessorImpl.java:43)
	at java.lang.reflect.Method.invoke(Method.java:606)
	at org.junit.runners.model.FrameworkMethod$1.runReflectiveCall(FrameworkMethod.java:44)
	at org.junit.internal.runners.model.ReflectiveCallable.run(ReflectiveCallable.java:15)
	at org.junit.runners.model.FrameworkMethod.invokeExplosively(FrameworkMethod.java:41)
	at org.junit.internal.runners.statements.InvokeMethod.evaluate(InvokeMethod.java:20)
	at org.junit.internal.runners.statements.RunBefores.evaluate(RunBefores.java:28)
	at org.junit.internal.runners.statements.RunAfters.evaluate(RunAfters.java:31)
	at org.junit.runners.BlockJUnit4ClassRunner.runNotIgnored(BlockJUnit4ClassRunner.java:79)
	at org.junit.runners.BlockJUnit4ClassRunner.runChild(BlockJUnit4ClassRunner.java:71)
	at org.junit.runners.BlockJUnit4ClassRunner.runChild(BlockJUnit4ClassRunner.java:49)
	at org.junit.runners.ParentRunner$3.run(ParentRunner.java:193)
	at org.junit.runners.ParentRunner$1.schedule(ParentRunner.java:52)
	at org.junit.runners.ParentRunner.runChildren(ParentRunner.java:191)
	at org.junit.runners.ParentRunner.access$000(ParentRunner.java:42)
	at org.junit.runners.ParentRunner$2.evaluate(ParentRunner.java:184)
	at org.junit.internal.runners.statements.RunBefores.evaluate(RunBefores.java:28)
	at org.junit.internal.runners.statements.RunAfters.evaluate(RunAfters.java:31)
	at org.junit.runners.ParentRunner.run(ParentRunner.java:236)
	at org.eclipse.jdt.internal.junit4.runner.JUnit4TestReference.run(JUnit4TestReference.java:50)
	at org.eclipse.jdt.internal.junit.runner.TestExecution.run(TestExecution.java:38)
	at org.eclipse.jdt.internal.junit.runner.RemoteTestRunner.runTests(RemoteTestRunner.java:467)
	at org.eclipse.jdt.internal.junit.runner.RemoteTestRunner.runTests(RemoteTestRunner.java:683)
	at org.eclipse.jdt.internal.junit.runner.RemoteTestRunner.run(RemoteTestRunner.java:390)
	at org.eclipse.jdt.internal.junit.runner.RemoteTestRunner.main(RemoteTestRunner.java:197)
Caused by: java.sql.SQLException: [SQLITE_ERROR] SQL error or missing database (table batch has no column named filePath)
	at org.sqlite.DB.newSQLException(DB.java:383)
	at org.sqlite.DB.newSQLException(DB.java:387)
	at org.sqlite.DB.throwex(DB.java:374)
	at org.sqlite.NestedDB.prepare(NestedDB.java:134)
	at org.sqlite.DB.prepare(DB.java:123)
	at org.sqlite.PrepStmt.&lt;init&gt;(PrepStmt.java:42)
	at org.sqlite.Conn.prepareStatement(Conn.java:404)
	at org.sqlite.Conn.prepareStatement(Conn.java:399)
	at org.sqlite.Conn.prepareStatement(Conn.java:383)
	at server.access.BatchDAO.insertNewBatch(BatchDAO.java:134)
	... 28 more

</error>
    </testcase>
  </testsuite>
  <testsuite name="server.access.UserDAOTest" time="0.432">
    <testcase name="testGetAll" classname="server.access.UserDAOTest" time="0.065"/>
    <testcase name="testAdd" classname="server.access.UserDAOTest" time="0.066"/>
    <testcase name="testGet" classname="server.access.UserDAOTest" time="0.103"/>
    <testcase name="testUpdate" classname="server.access.UserDAOTest" time="0.056"/>
    <testcase name="testDelete" classname="server.access.UserDAOTest" time="0.063"/>
    <testcase name="testInvalidAdd" classname="server.access.UserDAOTest" time="0.038"/>
    <testcase name="testInvalidUpdate" classname="server.access.UserDAOTest" time="0.041"/>
  </testsuite>
  <testsuite name="client.ClientUnitTests" time="0.006">
    <testcase name="test_1" classname="client.ClientUnitTests" time="0.006"/>
  </testsuite>
  <testsuite name="server.access.ProjectDAOTest" time="0.652">
    <testcase name="testGetAll" classname="server.access.ProjectDAOTest" time="0.033"/>
    <testcase name="testAdd" classname="server.access.ProjectDAOTest" time="0.041"/>
    <testcase name="testGet" classname="server.access.ProjectDAOTest" time="0.056"/>
    <testcase name="testUpdate" classname="server.access.ProjectDAOTest" time="0.056"/>
    <testcase name="testDelete" classname="server.access.ProjectDAOTest" time="0.045"/>
    <testcase name="testEmptyTitleAdd" classname="server.access.ProjectDAOTest" time="0.03"/>
    <testcase name="testInvalidTitleAdd" classname="server.access.ProjectDAOTest" time="0.027"/>
    <testcase name="testNegativeRecordsPerBatchAdd" classname="server.access.ProjectDAOTest" time="0.029"/>
    <testcase name="testNegativeFirstCoordinateAdd" classname="server.access.ProjectDAOTest" time="0.037"/>
    <testcase name="testNegativeRecordHeightAdd" classname="server.access.ProjectDAOTest" time="0.031"/>
    <testcase name="testEmptyTitleUpdate" classname="server.access.ProjectDAOTest" time="0.054"/>
    <testcase name="testInvalidTitleUpdate" classname="server.access.ProjectDAOTest" time="0.054"/>
    <testcase name="testNegativeRecordsPerBatchUpdate" classname="server.access.ProjectDAOTest" time="0.057"/>
    <testcase name="testNegativeFirstCoordinateUpdate" classname="server.access.ProjectDAOTest" time="0.048"/>
    <testcase name="testNegativeRecordHeightUpdate" classname="server.access.ProjectDAOTest" time="0.054"/>
  </testsuite>
</testrun>
