<?xml version="1.0" encoding="UTF-8"?><testrun name="ClientUnitTests" project="Record_Indexer" tests="6" started="6" failures="0" errors="1" ignored="0">
  <testsuite name="client.ClientUnitTests" time="4.233">
    <testcase name="invalidUserTest" classname="client.ClientUnitTests" time="0.151"/>
    <testcase name="invalidInputUserTest" classname="client.ClientUnitTests" time="0.004"/>
    <testcase name="getProjectsTest" classname="client.ClientUnitTests" time="1.018"/>
    <testcase name="getProjectsInvalidTest" classname="client.ClientUnitTests" time="0.005"/>
    <testcase name="validateUserTest" classname="client.ClientUnitTests" time="1.007"/>
    <testcase name="getSampleImageTest" classname="client.ClientUnitTests" time="2.048">
      <error>client.ClientCommunicatorException: doPost failed: /GetSampleImage (http code 404)
	at client.communication.ClientCommunicator.doPost(ClientCommunicator.java:138)
	at client.communication.ClientCommunicator.getSampleImage(ClientCommunicator.java:68)
	at client.ClientUnitTests.getSampleImageTest(ClientUnitTests.java:66)
	at sun.reflect.NativeMethodAccessorImpl.invoke0(Native Method)
	at sun.reflect.NativeMethodAccessorImpl.invoke(NativeMethodAccessorImpl.java:57)
	at sun.reflect.DelegatingMethodAccessorImpl.invoke(DelegatingMethodAccessorImpl.java:43)
	at java.lang.reflect.Method.invoke(Method.java:606)
	at org.junit.runners.model.FrameworkMethod$1.runReflectiveCall(FrameworkMethod.java:44)
	at org.junit.internal.runners.model.ReflectiveCallable.run(ReflectiveCallable.java:15)
	at org.junit.runners.model.FrameworkMethod.invokeExplosively(FrameworkMethod.java:41)
	at org.junit.internal.runners.statements.InvokeMethod.evaluate(InvokeMethod.java:20)
	at org.junit.runners.BlockJUnit4ClassRunner.runNotIgnored(BlockJUnit4ClassRunner.java:79)
	at org.junit.runners.BlockJUnit4ClassRunner.runChild(BlockJUnit4ClassRunner.java:71)
	at org.junit.runners.BlockJUnit4ClassRunner.runChild(BlockJUnit4ClassRunner.java:49)
	at org.junit.runners.ParentRunner$3.run(ParentRunner.java:193)
	at org.junit.runners.ParentRunner$1.schedule(ParentRunner.java:52)
	at org.junit.runners.ParentRunner.runChildren(ParentRunner.java:191)
	at org.junit.runners.ParentRunner.access$000(ParentRunner.java:42)
	at org.junit.runners.ParentRunner$2.evaluate(ParentRunner.java:184)
	at org.junit.runners.ParentRunner.run(ParentRunner.java:236)
	at org.eclipse.jdt.internal.junit4.runner.JUnit4TestReference.run(JUnit4TestReference.java:50)
	at org.eclipse.jdt.internal.junit.runner.TestExecution.run(TestExecution.java:38)
	at org.eclipse.jdt.internal.junit.runner.RemoteTestRunner.runTests(RemoteTestRunner.java:467)
	at org.eclipse.jdt.internal.junit.runner.RemoteTestRunner.runTests(RemoteTestRunner.java:683)
	at org.eclipse.jdt.internal.junit.runner.RemoteTestRunner.run(RemoteTestRunner.java:390)
	at org.eclipse.jdt.internal.junit.runner.RemoteTestRunner.main(RemoteTestRunner.java:197)

</error>
    </testcase>
  </testsuite>
</testrun>
