<?xml version="1.0" encoding="UTF-8"?><testrun name="server.access" project="Record_Indexer" tests="50" started="50" failures="0" errors="1" ignored="0">
  <testsuite name="server.access.BatchDAOTest" time="1.338">
    <testcase name="testGetAll" classname="server.access.BatchDAOTest" time="0.833"/>
    <testcase name="testAdd" classname="server.access.BatchDAOTest" time="0.118"/>
    <testcase name="testGet" classname="server.access.BatchDAOTest" time="0.061"/>
    <testcase name="testUpdate" classname="server.access.BatchDAOTest" time="0.077"/>
    <testcase name="testDelete" classname="server.access.BatchDAOTest" time="0.078"/>
    <testcase name="testInvalidFilePathAdd" classname="server.access.BatchDAOTest" time="0.04"/>
    <testcase name="testInvalidFilePathUpdate" classname="server.access.BatchDAOTest" time="0.041"/>
    <testcase name="testEmptyFilePathAdd" classname="server.access.BatchDAOTest" time="0.04"/>
    <testcase name="testEmptyFilePathUpdate" classname="server.access.BatchDAOTest" time="0.049"/>
  </testsuite>
  <testsuite name="server.access.ValueDAOTest" time="0.294">
    <testcase name="testGetAll" classname="server.access.ValueDAOTest" time="0.034"/>
    <testcase name="testAdd" classname="server.access.ValueDAOTest" time="0.044"/>
    <testcase name="testGet" classname="server.access.ValueDAOTest" time="0.043"/>
    <testcase name="testUpdate" classname="server.access.ValueDAOTest" time="0.043"/>
    <testcase name="testDelete" classname="server.access.ValueDAOTest" time="0.05"/>
    <testcase name="testNegativeRowNumberAdd" classname="server.access.ValueDAOTest" time="0.036"/>
    <testcase name="testNegativeRowNumberUpdate" classname="server.access.ValueDAOTest" time="0.044"/>
  </testsuite>
  <testsuite name="server.access.FieldDAOTest" time="0.463">
    <testcase name="testGetAll" classname="server.access.FieldDAOTest" time="0.029"/>
    <testcase name="testAdd" classname="server.access.FieldDAOTest" time="0.043"/>
    <testcase name="testGet" classname="server.access.FieldDAOTest" time="0.081"/>
    <testcase name="testUpdate" classname="server.access.FieldDAOTest" time="0.081"/>
    <testcase name="testDelete" classname="server.access.FieldDAOTest" time="0.053"/>
    <testcase name="testInvalidTiTleAdd" classname="server.access.FieldDAOTest" time="0.035"/>
    <testcase name="testNegativeXCoordAdd" classname="server.access.FieldDAOTest" time="0.035"/>
    <testcase name="testNegativeColumnNumberAdd" classname="server.access.FieldDAOTest" time="0.04"/>
    <testcase name="testNegativeWidthAdd" classname="server.access.FieldDAOTest" time="0.033"/>
    <testcase name="testInvalidHelpHTMLUpdate" classname="server.access.FieldDAOTest" time="0.033"/>
  </testsuite>
  <testsuite name="server.access.UserDAOTest" time="0.315">
    <testcase name="testGetAll" classname="server.access.UserDAOTest" time="0.024"/>
    <testcase name="testAdd" classname="server.access.UserDAOTest" time="0.039"/>
    <testcase name="testGet" classname="server.access.UserDAOTest" time="0.056"/>
    <testcase name="testUpdate" classname="server.access.UserDAOTest" time="0.065"/>
    <testcase name="testDelete" classname="server.access.UserDAOTest" time="0.063"/>
    <testcase name="testInvalidAdd" classname="server.access.UserDAOTest" time="0.026"/>
    <testcase name="testInvalidUpdate" classname="server.access.UserDAOTest" time="0.042"/>
  </testsuite>
  <testsuite name="server.access.ProjectDAOTest" time="0.774">
    <testcase name="testGetAll" classname="server.access.ProjectDAOTest" time="0.051"/>
    <testcase name="testAdd" classname="server.access.ProjectDAOTest" time="0.048"/>
    <testcase name="testGet" classname="server.access.ProjectDAOTest" time="0.043"/>
    <testcase name="testUpdate" classname="server.access.ProjectDAOTest" time="0.042"/>
    <testcase name="testDelete" classname="server.access.ProjectDAOTest" time="0.067"/>
    <testcase name="testAddingField" classname="server.access.ProjectDAOTest" time="0.069"/>
    <testcase name="testAddingBatch" classname="server.access.ProjectDAOTest" time="0.066">
      <error>java.lang.ArrayIndexOutOfBoundsException: 2
	at org.sqlite.PrepStmt.batch(PrepStmt.java:173)
	at org.sqlite.PrepStmt.setInt(PrepStmt.java:197)
	at server.access.ProjectDAO.insertNewBatchIntoProject(ProjectDAO.java:211)
	at server.access.ProjectDAOTest.testAddingBatch(ProjectDAOTest.java:181)
	at sun.reflect.NativeMethodAccessorImpl.invoke0(Native Method)
	at sun.reflect.NativeMethodAccessorImpl.invoke(NativeMethodAccessorImpl.java:57)
	at sun.reflect.DelegatingMethodAccessorImpl.invoke(DelegatingMethodAccessorImpl.java:43)
	at java.lang.reflect.Method.invoke(Method.java:606)
	at org.junit.runners.model.FrameworkMethod$1.runReflectiveCall(FrameworkMethod.java:44)
	at org.junit.internal.runners.model.ReflectiveCallable.run(ReflectiveCallable.java:15)
	at org.junit.runners.model.FrameworkMethod.invokeExplosively(FrameworkMethod.java:41)
	at org.junit.internal.runners.statements.InvokeMethod.evaluate(InvokeMethod.java:20)
	at org.junit.internal.runners.statements.RunBefores.evaluate(RunBefores.java:28)
	at org.junit.internal.runners.statements.RunAfters.evaluate(RunAfters.java:31)
	at org.junit.runners.BlockJUnit4ClassRunner.runNotIgnored(BlockJUnit4ClassRunner.java:79)
	at org.junit.runners.BlockJUnit4ClassRunner.runChild(BlockJUnit4ClassRunner.java:71)
	at org.junit.runners.BlockJUnit4ClassRunner.runChild(BlockJUnit4ClassRunner.java:49)
	at org.junit.runners.ParentRunner$3.run(ParentRunner.java:193)
	at org.junit.runners.ParentRunner$1.schedule(ParentRunner.java:52)
	at org.junit.runners.ParentRunner.runChildren(ParentRunner.java:191)
	at org.junit.runners.ParentRunner.access$000(ParentRunner.java:42)
	at org.junit.runners.ParentRunner$2.evaluate(ParentRunner.java:184)
	at org.junit.internal.runners.statements.RunBefores.evaluate(RunBefores.java:28)
	at org.junit.internal.runners.statements.RunAfters.evaluate(RunAfters.java:31)
	at org.junit.runners.ParentRunner.run(ParentRunner.java:236)
	at org.eclipse.jdt.internal.junit4.runner.JUnit4TestReference.run(JUnit4TestReference.java:50)
	at org.eclipse.jdt.internal.junit.runner.TestExecution.run(TestExecution.java:38)
	at org.eclipse.jdt.internal.junit.runner.RemoteTestRunner.runTests(RemoteTestRunner.java:467)
	at org.eclipse.jdt.internal.junit.runner.RemoteTestRunner.runTests(RemoteTestRunner.java:683)
	at org.eclipse.jdt.internal.junit.runner.RemoteTestRunner.run(RemoteTestRunner.java:390)
	at org.eclipse.jdt.internal.junit.runner.RemoteTestRunner.main(RemoteTestRunner.java:197)

</error>
    </testcase>
    <testcase name="testEmptyTitleAdd" classname="server.access.ProjectDAOTest" time="0.041"/>
    <testcase name="testInvalidTitleAdd" classname="server.access.ProjectDAOTest" time="0.024"/>
    <testcase name="testNegativeRecordsPerBatchAdd" classname="server.access.ProjectDAOTest" time="0.028"/>
    <testcase name="testNegativeFirstCoordinateAdd" classname="server.access.ProjectDAOTest" time="0.034"/>
    <testcase name="testNegativeRecordHeightAdd" classname="server.access.ProjectDAOTest" time="0.045"/>
    <testcase name="testEmptyTitleUpdate" classname="server.access.ProjectDAOTest" time="0.045"/>
    <testcase name="testInvalidTitleUpdate" classname="server.access.ProjectDAOTest" time="0.046"/>
    <testcase name="testNegativeRecordsPerBatchUpdate" classname="server.access.ProjectDAOTest" time="0.038"/>
    <testcase name="testNegativeFirstCoordinateUpdate" classname="server.access.ProjectDAOTest" time="0.033"/>
    <testcase name="testNegativeRecordHeightUpdate" classname="server.access.ProjectDAOTest" time="0.053"/>
  </testsuite>
</testrun>
